Build target 'Target 1'
compiling main.c...
linking...
*** WARNING L16: UNCALLED SEGMENT, IGNORED FOR OVERLAY PROCESS
    SEGMENT: ?PR?WRITEEN8X8?MAIN

*** WARNING L1: UNRESOLVED EXTERNAL SYMBOL
    SYMBOL:  WRITEDATAE1
    MODULE:  .\Objects\main.obj (MAIN)

*** WARNING L1: UNRESOLVED EXTERNAL SYMBOL
    SYMBOL:  WRITEDATAE2
    MODULE:  .\Objects\main.obj (MAIN)

*** WARNING L1: UNRESOLVED EXTERNAL SYMBOL
    SYMBOL:  INIT
    MODULE:  .\Objects\main.obj (MAIN)

*** WARNING L1: UNRESOLVED EXTERNAL SYMBOL
    SYMBOL:  WRITECOMMANDE1
    MODULE:  .\Objects\main.obj (MAIN)

*** WARNING L1: UNRESOLVED EXTERNAL SYMBOL
    SYMBOL:  WRITECOMMANDE2
    MODULE:  .\Objects\main.obj (MAIN)

*** WARNING L1: UNRESOLVED EXTERNAL SYMBOL
    SYMBOL:  CLEAR
    MODULE:  .\Objects\main.obj (MAIN)

*** WARNING L2: REFERENCE MADE TO UNRESOLVED EXTERNAL
    SYMBOL:  INIT
    MODULE:  .\Objects\main.obj (MAIN)
    ADDRESS: 06BCH

*** WARNING L2: REFERENCE MADE TO UNRESOLVED EXTERNAL
    SYMBOL:  CLEAR
    MODULE:  .\Objects\main.obj (MAIN)
    ADDRESS: 06BFH

*** WARNING L2: REFERENCE MADE TO UNRESOLVED EXTERNAL
    SYMBOL:  CLEAR
    MODULE:  .\Objects\main.obj (MAIN)
    ADDRESS: 06EBH

*** WARNING L2: REFERENCE MADE TO UNRESOLVED EXTERNAL
    SYMBOL:  WRITECOMMANDE1
    MODULE:  .\Objects\main.obj (MAIN)
    ADDRESS: 050EH

*** WARNING L2: REFERENCE MADE TO UNRESOLVED EXTERNAL
    SYMBOL:  WRITECOMMANDE2
    MODULE:  .\Objects\main.obj (MAIN)
    ADDRESS: 0511H

*** WARNING L2: REFERENCE MADE TO UNRESOLVED EXTERNAL
    SYMBOL:  WRITECOMMANDE1
    MODULE:  .\Objects\main.obj (MAIN)
    ADDRESS: 0536H

*** WARNING L2: REFERENCE MADE TO UNRESOLVED EXTERNAL
    SYMBOL:  WRITEDATAE1
    MODULE:  .\Objects\main.obj (MAIN)
    ADDRESS: 0558H

*** WARNING L2: REFERENCE MADE TO UNRESOLVED EXTERNAL
    SYMBOL:  WRITECOMMANDE2
    MODULE:  .\Objects\main.obj (MAIN)
    ADDRESS: 0563H

*** WARNING L2: REFERENCE MADE TO UNRESOLVED EXTERNAL
    SYMBOL:  WRITEDATAE2
    MODULE:  .\Objects\main.obj (MAIN)
    ADDRESS: 0585H

*** WARNING L2: REFERENCE MADE TO UNRESOLVED EXTERNAL
    SYMBOL:  WRITECOMMANDE1
    MODULE:  .\Objects\main.obj (MAIN)
    ADDRESS: 0640H

*** WARNING L2: REFERENCE MADE TO UNRESOLVED EXTERNAL
    SYMBOL:  WRITECOMMANDE2
    MODULE:  .\Objects\main.obj (MAIN)
    ADDRESS: 0643H

*** WARNING L2: REFERENCE MADE TO UNRESOLVED EXTERNAL
    SYMBOL:  WRITECOMMANDE1
    MODULE:  .\Objects\main.obj (MAIN)
    ADDRESS: 0653H

*** WARNING L2: REFERENCE MADE TO UNRESOLVED EXTERNAL
    SYMBOL:  WRITEDATAE1
    MODULE:  .\Objects\main.obj (MAIN)
    ADDRESS: 0675H

*** WARNING L2: REFERENCE MADE TO UNRESOLVED EXTERNAL
    SYMBOL:  WRITECOMMANDE2
    MODULE:  .\Objects\main.obj (MAIN)
    ADDRESS: 0680H

*** WARNING L2: REFERENCE MADE TO UNRESOLVED EXTERNAL
    SYMBOL:  WRITEDATAE2
    MODULE:  .\Objects\main.obj (MAIN)
    ADDRESS: 06A2H

Program Size: data=31.0 xdata=8 code=1794
".\Objects\chapter_3" - 0 Error(s), 22 Warning(s).
Build Time Elapsed:  00:00:00
